{"/Users/nicole.bianchin/Documents/Development/Projects/isus-app/src/featureAtivas.js": {"path":"/Users/nicole.bianchin/Documents/Development/Projects/isus-app/src/featureAtivas.js","statementMap":{},"fnMap":{},"branchMap":{},"s":{},"f":{},"b":{},"_coverageSchema":"1a1c01bbd47fc00a2c39e90264f33305004495a9","hash":"a12f3c05c38668223c1ebad2faf2c49050d8ca32"}
,"/Users/nicole.bianchin/Documents/Development/Projects/isus-app/src/apis/apiHome.js": {"path":"/Users/nicole.bianchin/Documents/Development/Projects/isus-app/src/apis/apiHome.js","statementMap":{"0":{"start":{"line":6,"column":2},"end":{"line":6,"column":47}},"1":{"start":{"line":10,"column":2},"end":{"line":10,"column":52}},"2":{"start":{"line":14,"column":2},"end":{"line":14,"column":70}},"3":{"start":{"line":18,"column":2},"end":{"line":18,"column":41}},"4":{"start":{"line":22,"column":2},"end":{"line":22,"column":23}},"5":{"start":{"line":23,"column":2},"end":{"line":23,"column":50}},"6":{"start":{"line":27,"column":2},"end":{"line":35,"column":3}},"7":{"start":{"line":28,"column":4},"end":{"line":34,"column":7}},"8":{"start":{"line":36,"column":2},"end":{"line":43,"column":5}},"9":{"start":{"line":47,"column":2},"end":{"line":49,"column":5}},"10":{"start":{"line":53,"column":2},"end":{"line":55,"column":5}}},"fnMap":{"0":{"name":"getCategoriasArquitetura","decl":{"start":{"line":5,"column":16},"end":{"line":5,"column":40}},"loc":{"start":{"line":5,"column":43},"end":{"line":7,"column":1}},"line":5},"1":{"name":"getProjetosPorCategoria","decl":{"start":{"line":9,"column":16},"end":{"line":9,"column":39}},"loc":{"start":{"line":9,"column":44},"end":{"line":11,"column":1}},"line":9},"2":{"name":"getBusca","decl":{"start":{"line":13,"column":16},"end":{"line":13,"column":24}},"loc":{"start":{"line":13,"column":37},"end":{"line":15,"column":1}},"line":13},"3":{"name":"getProjectPorId","decl":{"start":{"line":17,"column":16},"end":{"line":17,"column":31}},"loc":{"start":{"line":17,"column":38},"end":{"line":19,"column":1}},"line":17},"4":{"name":"pegarProjetosPorProfissional","decl":{"start":{"line":21,"column":22},"end":{"line":21,"column":50}},"loc":{"start":{"line":21,"column":53},"end":{"line":24,"column":1}},"line":21},"5":{"name":"postFeedback","decl":{"start":{"line":26,"column":16},"end":{"line":26,"column":28}},"loc":{"start":{"line":26,"column":67},"end":{"line":44,"column":1}},"line":26},"6":{"name":"postAlertaFaltaDeEpi","decl":{"start":{"line":46,"column":16},"end":{"line":46,"column":36}},"loc":{"start":{"line":46,"column":71},"end":{"line":50,"column":1}},"line":46},"7":{"name":"postDemandaEducacao","decl":{"start":{"line":52,"column":16},"end":{"line":52,"column":35}},"loc":{"start":{"line":52,"column":70},"end":{"line":56,"column":1}},"line":52}},"branchMap":{"0":{"loc":{"start":{"line":27,"column":2},"end":{"line":35,"column":3}},"type":"if","locations":[{"start":{"line":27,"column":2},"end":{"line":35,"column":3}},{"start":{"line":27,"column":2},"end":{"line":35,"column":3}}],"line":27}},"s":{"0":0,"1":0,"2":0,"3":0,"4":0,"5":0,"6":5,"7":2,"8":3,"9":2,"10":2},"f":{"0":0,"1":0,"2":0,"3":0,"4":0,"5":5,"6":2,"7":2},"b":{"0":[2,3]},"_coverageSchema":"1a1c01bbd47fc00a2c39e90264f33305004495a9","hash":"384bcc20f692bba0a4cd9100d6bd7d282243d67b"}
,"/Users/nicole.bianchin/Documents/Development/Projects/isus-app/src/apis/apiKeycloak.js": {"path":"/Users/nicole.bianchin/Documents/Development/Projects/isus-app/src/apis/apiKeycloak.js","statementMap":{"0":{"start":{"line":5,"column":2},"end":{"line":5,"column":48}},"1":{"start":{"line":9,"column":20},"end":{"line":9,"column":58}},"2":{"start":{"line":10,"column":2},"end":{"line":10,"column":24}},"3":{"start":{"line":14,"column":20},"end":{"line":14,"column":66}},"4":{"start":{"line":15,"column":2},"end":{"line":15,"column":24}},"5":{"start":{"line":19,"column":2},"end":{"line":22,"column":3}},"6":{"start":{"line":20,"column":22},"end":{"line":20,"column":89}},"7":{"start":{"line":21,"column":4},"end":{"line":21,"column":26}},"8":{"start":{"line":23,"column":2},"end":{"line":23,"column":12}},"9":{"start":{"line":27,"column":20},"end":{"line":29,"column":4}},"10":{"start":{"line":30,"column":2},"end":{"line":30,"column":24}},"11":{"start":{"line":35,"column":2},"end":{"line":35,"column":37}},"12":{"start":{"line":36,"column":2},"end":{"line":36,"column":72}},"13":{"start":{"line":40,"column":2},"end":{"line":40,"column":38}},"14":{"start":{"line":41,"column":2},"end":{"line":41,"column":74}}},"fnMap":{"0":{"name":"autenticar","decl":{"start":{"line":4,"column":16},"end":{"line":4,"column":26}},"loc":{"start":{"line":4,"column":41},"end":{"line":6,"column":1}},"line":4},"1":{"name":"pegarListaDeServicos","decl":{"start":{"line":8,"column":22},"end":{"line":8,"column":42}},"loc":{"start":{"line":8,"column":45},"end":{"line":11,"column":1}},"line":8},"2":{"name":"pegarListaDeCategoriasProfissionais","decl":{"start":{"line":13,"column":22},"end":{"line":13,"column":57}},"loc":{"start":{"line":13,"column":60},"end":{"line":16,"column":1}},"line":13},"3":{"name":"pegarListaDeEspecialidades","decl":{"start":{"line":18,"column":22},"end":{"line":18,"column":48}},"loc":{"start":{"line":18,"column":53},"end":{"line":24,"column":1}},"line":18},"4":{"name":"pegarTokenDeAcesso","decl":{"start":{"line":26,"column":22},"end":{"line":26,"column":40}},"loc":{"start":{"line":26,"column":55},"end":{"line":31,"column":1}},"line":26},"5":{"name":"logout","decl":{"start":{"line":34,"column":16},"end":{"line":34,"column":22}},"loc":{"start":{"line":34,"column":30},"end":{"line":37,"column":1}},"line":34},"6":{"name":"excluir","decl":{"start":{"line":39,"column":16},"end":{"line":39,"column":23}},"loc":{"start":{"line":39,"column":31},"end":{"line":42,"column":1}},"line":39}},"branchMap":{"0":{"loc":{"start":{"line":19,"column":2},"end":{"line":22,"column":3}},"type":"if","locations":[{"start":{"line":19,"column":2},"end":{"line":22,"column":3}},{"start":{"line":19,"column":2},"end":{"line":22,"column":3}}],"line":19}},"s":{"0":0,"1":0,"2":0,"3":0,"4":0,"5":0,"6":0,"7":0,"8":0,"9":0,"10":0,"11":0,"12":0,"13":0,"14":0},"f":{"0":0,"1":0,"2":0,"3":0,"4":0,"5":0,"6":0},"b":{"0":[0,0]},"_coverageSchema":"1a1c01bbd47fc00a2c39e90264f33305004495a9","hash":"657e1116548f5ade558143d6300576618ab291c5"}
,"/Users/nicole.bianchin/Documents/Development/Projects/isus-app/src/constantes/features.js": {"path":"/Users/nicole.bianchin/Documents/Development/Projects/isus-app/src/constantes/features.js","statementMap":{},"fnMap":{},"branchMap":{},"s":{},"f":{},"b":{},"_coverageSchema":"1a1c01bbd47fc00a2c39e90264f33305004495a9","hash":"bee1562cfb240ded161d0a26c9adaffb7fccb2fe"}
,"/Users/nicole.bianchin/Documents/Development/Projects/isus-app/src/constantes/rotas.js": {"path":"/Users/nicole.bianchin/Documents/Development/Projects/isus-app/src/constantes/rotas.js","statementMap":{},"fnMap":{},"branchMap":{},"s":{},"f":{},"b":{},"_coverageSchema":"1a1c01bbd47fc00a2c39e90264f33305004495a9","hash":"c2cc9aa028c12a0c47d18bbf16ff11bc4001170a"}
,"/Users/nicole.bianchin/Documents/Development/Projects/isus-app/src/context/AutenticacaoContext.js": {"path":"/Users/nicole.bianchin/Documents/Development/Projects/isus-app/src/context/AutenticacaoContext.js","statementMap":{"0":{"start":{"line":3,"column":28},"end":{"line":3,"column":43}},"1":{"start":{"line":5,"column":29},"end":{"line":25,"column":1}},"2":{"start":{"line":7,"column":46},"end":{"line":7,"column":58}},"3":{"start":{"line":8,"column":46},"end":{"line":8,"column":58}},"4":{"start":{"line":9,"column":42},"end":{"line":9,"column":57}},"5":{"start":{"line":11,"column":2},"end":{"line":24,"column":4}}},"fnMap":{"0":{"name":"(anonymous_0)","decl":{"start":{"line":5,"column":29},"end":{"line":5,"column":30}},"loc":{"start":{"line":5,"column":47},"end":{"line":25,"column":1}},"line":5}},"branchMap":{},"s":{"0":3,"1":3,"2":1,"3":1,"4":1,"5":1},"f":{"0":1},"b":{},"_coverageSchema":"1a1c01bbd47fc00a2c39e90264f33305004495a9","hash":"8be94ebaa96fd8e5bf78a522780192f92ec12415"}
,"/Users/nicole.bianchin/Documents/Development/Projects/isus-app/src/context/CaixaDialogoContext.js": {"path":"/Users/nicole.bianchin/Documents/Development/Projects/isus-app/src/context/CaixaDialogoContext.js","statementMap":{"0":{"start":{"line":3,"column":28},"end":{"line":3,"column":43}},"1":{"start":{"line":6,"column":41},"end":{"line":6,"column":56}},"2":{"start":{"line":7,"column":34},"end":{"line":7,"column":46}},"3":{"start":{"line":8,"column":32},"end":{"line":8,"column":44}},"4":{"start":{"line":9,"column":28},"end":{"line":9,"column":40}},"5":{"start":{"line":10,"column":50},"end":{"line":10,"column":62}},"6":{"start":{"line":11,"column":56},"end":{"line":11,"column":68}},"7":{"start":{"line":12,"column":42},"end":{"line":12,"column":62}},"8":{"start":{"line":12,"column":57},"end":{"line":12,"column":61}},"9":{"start":{"line":13,"column":42},"end":{"line":13,"column":62}},"10":{"start":{"line":13,"column":57},"end":{"line":13,"column":61}},"11":{"start":{"line":16,"column":30},"end":{"line":26,"column":3}},"12":{"start":{"line":17,"column":4},"end":{"line":17,"column":31}},"13":{"start":{"line":18,"column":4},"end":{"line":18,"column":30}},"14":{"start":{"line":19,"column":4},"end":{"line":19,"column":24}},"15":{"start":{"line":20,"column":4},"end":{"line":20,"column":28}},"16":{"start":{"line":21,"column":4},"end":{"line":21,"column":46}},"17":{"start":{"line":22,"column":4},"end":{"line":22,"column":52}},"18":{"start":{"line":23,"column":4},"end":{"line":23,"column":44}},"19":{"start":{"line":23,"column":28},"end":{"line":23,"column":42}},"20":{"start":{"line":24,"column":4},"end":{"line":24,"column":44}},"21":{"start":{"line":24,"column":28},"end":{"line":24,"column":42}},"22":{"start":{"line":25,"column":4},"end":{"line":25,"column":30}},"23":{"start":{"line":28,"column":29},"end":{"line":30,"column":3}},"24":{"start":{"line":29,"column":4},"end":{"line":29,"column":31}},"25":{"start":{"line":32,"column":2},"end":{"line":49,"column":4}}},"fnMap":{"0":{"name":"CaixaDialogoProvider","decl":{"start":{"line":5,"column":9},"end":{"line":5,"column":29}},"loc":{"start":{"line":5,"column":44},"end":{"line":50,"column":1}},"line":5},"1":{"name":"(anonymous_1)","decl":{"start":{"line":12,"column":51},"end":{"line":12,"column":52}},"loc":{"start":{"line":12,"column":57},"end":{"line":12,"column":61}},"line":12},"2":{"name":"(anonymous_2)","decl":{"start":{"line":13,"column":51},"end":{"line":13,"column":52}},"loc":{"start":{"line":13,"column":57},"end":{"line":13,"column":61}},"line":13},"3":{"name":"(anonymous_3)","decl":{"start":{"line":16,"column":30},"end":{"line":16,"column":31}},"loc":{"start":{"line":16,"column":39},"end":{"line":26,"column":3}},"line":16},"4":{"name":"(anonymous_4)","decl":{"start":{"line":23,"column":22},"end":{"line":23,"column":23}},"loc":{"start":{"line":23,"column":28},"end":{"line":23,"column":42}},"line":23},"5":{"name":"(anonymous_5)","decl":{"start":{"line":24,"column":22},"end":{"line":24,"column":23}},"loc":{"start":{"line":24,"column":28},"end":{"line":24,"column":42}},"line":24},"6":{"name":"(anonymous_6)","decl":{"start":{"line":28,"column":29},"end":{"line":28,"column":30}},"loc":{"start":{"line":28,"column":35},"end":{"line":30,"column":3}},"line":28}},"branchMap":{},"s":{"0":3,"1":1,"2":1,"3":1,"4":1,"5":1,"6":1,"7":1,"8":1,"9":1,"10":1,"11":1,"12":0,"13":0,"14":0,"15":0,"16":0,"17":0,"18":0,"19":0,"20":0,"21":0,"22":0,"23":1,"24":0,"25":1},"f":{"0":1,"1":1,"2":1,"3":0,"4":0,"5":0,"6":0},"b":{},"_coverageSchema":"1a1c01bbd47fc00a2c39e90264f33305004495a9","hash":"a52ddb7fed2179959d0247ad5c8d11df6fa8b53d"}
,"/Users/nicole.bianchin/Documents/Development/Projects/isus-app/src/pages/Perfil/DadosUsuario.js": {"path":"/Users/nicole.bianchin/Documents/Development/Projects/isus-app/src/pages/Perfil/DadosUsuario.js","statementMap":{"0":{"start":{"line":12,"column":2},"end":{"line":33,"column":4}},"1":{"start":{"line":37,"column":2},"end":{"line":58,"column":6}},"2":{"start":{"line":48,"column":18},"end":{"line":48,"column":27}},"3":{"start":{"line":62,"column":2},"end":{"line":66,"column":4}},"4":{"start":{"line":70,"column":2},"end":{"line":105,"column":4}},"5":{"start":{"line":80,"column":31},"end":{"line":80,"column":63}},"6":{"start":{"line":87,"column":14},"end":{"line":87,"column":23}},"7":{"start":{"line":95,"column":10},"end":{"line":101,"column":18}},"8":{"start":{"line":109,"column":2},"end":{"line":143,"column":4}},"9":{"start":{"line":117,"column":10},"end":{"line":127,"column":18}},"10":{"start":{"line":130,"column":10},"end":{"line":139,"column":18}},"11":{"start":{"line":146,"column":14},"end":{"line":155,"column":1}},"12":{"start":{"line":149,"column":21},"end":{"line":149,"column":36}},"13":{"start":{"line":150,"column":2},"end":{"line":154,"column":4}},"14":{"start":{"line":151,"column":91},"end":{"line":151,"column":123}},"15":{"start":{"line":157,"column":16},"end":{"line":175,"column":2}}},"fnMap":{"0":{"name":"DadosUsuario","decl":{"start":{"line":11,"column":9},"end":{"line":11,"column":21}},"loc":{"start":{"line":11,"column":33},"end":{"line":34,"column":1}},"line":11},"1":{"name":"Especialidades","decl":{"start":{"line":36,"column":9},"end":{"line":36,"column":23}},"loc":{"start":{"line":36,"column":35},"end":{"line":59,"column":1}},"line":36},"2":{"name":"(anonymous_2)","decl":{"start":{"line":47,"column":54},"end":{"line":47,"column":55}},"loc":{"start":{"line":48,"column":18},"end":{"line":48,"column":27}},"line":48},"3":{"name":"DadosUsuarioProfissional","decl":{"start":{"line":61,"column":9},"end":{"line":61,"column":33}},"loc":{"start":{"line":61,"column":45},"end":{"line":67,"column":1}},"line":61},"4":{"name":"MostrarDadosUsuarioProfissional","decl":{"start":{"line":69,"column":9},"end":{"line":69,"column":40}},"loc":{"start":{"line":69,"column":48},"end":{"line":106,"column":1}},"line":69},"5":{"name":"(anonymous_5)","decl":{"start":{"line":80,"column":25},"end":{"line":80,"column":26}},"loc":{"start":{"line":80,"column":31},"end":{"line":80,"column":63}},"line":80},"6":{"name":"(anonymous_6)","decl":{"start":{"line":86,"column":53},"end":{"line":86,"column":54}},"loc":{"start":{"line":87,"column":14},"end":{"line":87,"column":23}},"line":87},"7":{"name":"(anonymous_7)","decl":{"start":{"line":94,"column":25},"end":{"line":94,"column":26}},"loc":{"start":{"line":95,"column":10},"end":{"line":101,"column":18}},"line":95},"8":{"name":"AdicionarDadosProfissionais","decl":{"start":{"line":108,"column":9},"end":{"line":108,"column":36}},"loc":{"start":{"line":108,"column":39},"end":{"line":144,"column":1}},"line":108},"9":{"name":"(anonymous_9)","decl":{"start":{"line":116,"column":25},"end":{"line":116,"column":26}},"loc":{"start":{"line":117,"column":10},"end":{"line":127,"column":18}},"line":117},"10":{"name":"(anonymous_10)","decl":{"start":{"line":129,"column":27},"end":{"line":129,"column":28}},"loc":{"start":{"line":130,"column":10},"end":{"line":139,"column":18}},"line":130},"11":{"name":"(anonymous_11)","decl":{"start":{"line":146,"column":14},"end":{"line":146,"column":15}},"loc":{"start":{"line":148,"column":6},"end":{"line":155,"column":1}},"line":148},"12":{"name":"(anonymous_12)","decl":{"start":{"line":151,"column":85},"end":{"line":151,"column":86}},"loc":{"start":{"line":151,"column":91},"end":{"line":151,"column":123}},"line":151}},"branchMap":{"0":{"loc":{"start":{"line":22,"column":9},"end":{"line":22,"column":100}},"type":"cond-expr","locations":[{"start":{"line":22,"column":26},"end":{"line":22,"column":82}},{"start":{"line":22,"column":85},"end":{"line":22,"column":100}}],"line":22},"1":{"loc":{"start":{"line":26,"column":9},"end":{"line":26,"column":89}},"type":"cond-expr","locations":[{"start":{"line":26,"column":21},"end":{"line":26,"column":71}},{"start":{"line":26,"column":74},"end":{"line":26,"column":89}}],"line":26},"2":{"loc":{"start":{"line":30,"column":9},"end":{"line":30,"column":65}},"type":"cond-expr","locations":[{"start":{"line":30,"column":27},"end":{"line":30,"column":47}},{"start":{"line":30,"column":50},"end":{"line":30,"column":65}}],"line":30},"3":{"loc":{"start":{"line":37,"column":9},"end":{"line":58,"column":5}},"type":"cond-expr","locations":[{"start":{"line":40,"column":6},"end":{"line":55,"column":9}},{"start":{"line":57,"column":6},"end":{"line":57,"column":11}}],"line":37},"4":{"loc":{"start":{"line":37,"column":9},"end":{"line":39,"column":57}},"type":"binary-expr","locations":[{"start":{"line":37,"column":9},"end":{"line":37,"column":27}},{"start":{"line":38,"column":7},"end":{"line":38,"column":57}},{"start":{"line":39,"column":7},"end":{"line":39,"column":57}}],"line":37},"5":{"loc":{"start":{"line":44,"column":12},"end":{"line":52,"column":15}},"type":"cond-expr","locations":[{"start":{"line":47,"column":16},"end":{"line":49,"column":29}},{"start":{"line":51,"column":16},"end":{"line":51,"column":18}}],"line":44},"6":{"loc":{"start":{"line":44,"column":12},"end":{"line":46,"column":57}},"type":"binary-expr","locations":[{"start":{"line":44,"column":12},"end":{"line":44,"column":30}},{"start":{"line":45,"column":17},"end":{"line":45,"column":50}},{"start":{"line":46,"column":17},"end":{"line":46,"column":57}}],"line":44},"7":{"loc":{"start":{"line":64,"column":4},"end":{"line":65,"column":37}},"type":"cond-expr","locations":[{"start":{"line":64,"column":112},"end":{"line":64,"column":150}},{"start":{"line":65,"column":6},"end":{"line":65,"column":37}}],"line":64},"8":{"loc":{"start":{"line":64,"column":4},"end":{"line":64,"column":109}},"type":"binary-expr","locations":[{"start":{"line":64,"column":4},"end":{"line":64,"column":22}},{"start":{"line":64,"column":27},"end":{"line":64,"column":68}},{"start":{"line":64,"column":72},"end":{"line":64,"column":108}}],"line":64},"9":{"loc":{"start":{"line":75,"column":10},"end":{"line":75,"column":127}},"type":"cond-expr","locations":[{"start":{"line":75,"column":76},"end":{"line":75,"column":122}},{"start":{"line":75,"column":125},"end":{"line":75,"column":127}}],"line":75},"10":{"loc":{"start":{"line":75,"column":10},"end":{"line":75,"column":73}},"type":"binary-expr","locations":[{"start":{"line":75,"column":10},"end":{"line":75,"column":28}},{"start":{"line":75,"column":32},"end":{"line":75,"column":73}}],"line":75},"11":{"loc":{"start":{"line":85,"column":10},"end":{"line":89,"column":16}},"type":"cond-expr","locations":[{"start":{"line":86,"column":12},"end":{"line":88,"column":25}},{"start":{"line":89,"column":14},"end":{"line":89,"column":16}}],"line":85},"12":{"loc":{"start":{"line":85,"column":10},"end":{"line":85,"column":75}},"type":"binary-expr","locations":[{"start":{"line":85,"column":10},"end":{"line":85,"column":28}},{"start":{"line":85,"column":32},"end":{"line":85,"column":75}}],"line":85},"13":{"loc":{"start":{"line":147,"column":17},"end":{"line":147,"column":28}},"type":"default-arg","locations":[{"start":{"line":147,"column":26},"end":{"line":147,"column":28}}],"line":147}},"s":{"0":0,"1":0,"2":0,"3":0,"4":0,"5":0,"6":0,"7":0,"8":0,"9":0,"10":0,"11":2,"12":0,"13":0,"14":0,"15":2},"f":{"0":0,"1":0,"2":0,"3":0,"4":0,"5":0,"6":0,"7":0,"8":0,"9":0,"10":0,"11":0,"12":0},"b":{"0":[0,0],"1":[0,0],"2":[0,0],"3":[0,0],"4":[0,0,0],"5":[0,0],"6":[0,0,0],"7":[0,0],"8":[0,0,0],"9":[0,0],"10":[0,0],"11":[0,0],"12":[0,0],"13":[0]},"_coverageSchema":"1a1c01bbd47fc00a2c39e90264f33305004495a9","hash":"d5ede24e9343632b54517461349ee5cadeb62999"}
,"/Users/nicole.bianchin/Documents/Development/Projects/isus-app/src/routes/rootNavigation.js": {"path":"/Users/nicole.bianchin/Documents/Development/Projects/isus-app/src/routes/rootNavigation.js","statementMap":{"0":{"start":{"line":4,"column":29},"end":{"line":4,"column":46}},"1":{"start":{"line":7,"column":2},"end":{"line":7,"column":48}}},"fnMap":{"0":{"name":"navigate","decl":{"start":{"line":6,"column":16},"end":{"line":6,"column":24}},"loc":{"start":{"line":6,"column":39},"end":{"line":8,"column":1}},"line":6}},"branchMap":{},"s":{"0":1,"1":0},"f":{"0":0},"b":{},"_coverageSchema":"1a1c01bbd47fc00a2c39e90264f33305004495a9","hash":"8f91fdf458d844d2bab30e2bccad231879146724"}
,"/Users/nicole.bianchin/Documents/Development/Projects/isus-app/src/services/armazenamento.js": {"path":"/Users/nicole.bianchin/Documents/Development/Projects/isus-app/src/services/armazenamento.js","statementMap":{"0":{"start":{"line":9,"column":20},"end":{"line":16,"column":1}},"1":{"start":{"line":10,"column":2},"end":{"line":15,"column":3}},"2":{"start":{"line":11,"column":22},"end":{"line":11,"column":43}},"3":{"start":{"line":12,"column":4},"end":{"line":12,"column":49}},"4":{"start":{"line":14,"column":4},"end":{"line":14,"column":19}},"5":{"start":{"line":22,"column":19},"end":{"line":30,"column":1}},"6":{"start":{"line":23,"column":2},"end":{"line":28,"column":3}},"7":{"start":{"line":24,"column":22},"end":{"line":24,"column":55}},"8":{"start":{"line":25,"column":4},"end":{"line":25,"column":60}},"9":{"start":{"line":27,"column":4},"end":{"line":27,"column":19}},"10":{"start":{"line":29,"column":2},"end":{"line":29,"column":14}},"11":{"start":{"line":35,"column":27},"end":{"line":43,"column":1}},"12":{"start":{"line":36,"column":2},"end":{"line":41,"column":3}},"13":{"start":{"line":37,"column":19},"end":{"line":37,"column":50}},"14":{"start":{"line":38,"column":4},"end":{"line":38,"column":18}},"15":{"start":{"line":40,"column":4},"end":{"line":40,"column":19}},"16":{"start":{"line":42,"column":2},"end":{"line":42,"column":14}},"17":{"start":{"line":49,"column":23},"end":{"line":58,"column":1}},"18":{"start":{"line":50,"column":2},"end":{"line":56,"column":3}},"19":{"start":{"line":51,"column":19},"end":{"line":51,"column":45}},"20":{"start":{"line":52,"column":30},"end":{"line":52,"column":82}},"21":{"start":{"line":52,"column":53},"end":{"line":52,"column":81}},"22":{"start":{"line":53,"column":4},"end":{"line":53,"column":29}},"23":{"start":{"line":55,"column":4},"end":{"line":55,"column":19}},"24":{"start":{"line":57,"column":2},"end":{"line":57,"column":14}},"25":{"start":{"line":64,"column":30},"end":{"line":73,"column":1}},"26":{"start":{"line":65,"column":2},"end":{"line":71,"column":3}},"27":{"start":{"line":66,"column":30},"end":{"line":66,"column":64}},"28":{"start":{"line":67,"column":29},"end":{"line":67,"column":78}},"29":{"start":{"line":67,"column":60},"end":{"line":67,"column":77}},"30":{"start":{"line":68,"column":4},"end":{"line":68,"column":41}},"31":{"start":{"line":70,"column":4},"end":{"line":70,"column":19}},"32":{"start":{"line":72,"column":2},"end":{"line":72,"column":14}},"33":{"start":{"line":79,"column":21},"end":{"line":85,"column":1}},"34":{"start":{"line":80,"column":2},"end":{"line":84,"column":3}},"35":{"start":{"line":81,"column":4},"end":{"line":81,"column":41}},"36":{"start":{"line":83,"column":4},"end":{"line":83,"column":19}},"37":{"start":{"line":87,"column":34},"end":{"line":92,"column":1}},"38":{"start":{"line":88,"column":19},"end":{"line":88,"column":99}},"39":{"start":{"line":89,"column":15},"end":{"line":89,"column":48}},"40":{"start":{"line":90,"column":2},"end":{"line":90,"column":20}},"41":{"start":{"line":91,"column":2},"end":{"line":91,"column":14}},"42":{"start":{"line":95,"column":22},"end":{"line":103,"column":1}}},"fnMap":{"0":{"name":"(anonymous_0)","decl":{"start":{"line":9,"column":20},"end":{"line":9,"column":21}},"loc":{"start":{"line":9,"column":44},"end":{"line":16,"column":1}},"line":9},"1":{"name":"(anonymous_1)","decl":{"start":{"line":22,"column":19},"end":{"line":22,"column":20}},"loc":{"start":{"line":22,"column":36},"end":{"line":30,"column":1}},"line":22},"2":{"name":"(anonymous_2)","decl":{"start":{"line":35,"column":27},"end":{"line":35,"column":28}},"loc":{"start":{"line":35,"column":39},"end":{"line":43,"column":1}},"line":35},"3":{"name":"(anonymous_3)","decl":{"start":{"line":49,"column":23},"end":{"line":49,"column":24}},"loc":{"start":{"line":49,"column":47},"end":{"line":58,"column":1}},"line":49},"4":{"name":"(anonymous_4)","decl":{"start":{"line":52,"column":44},"end":{"line":52,"column":45}},"loc":{"start":{"line":52,"column":53},"end":{"line":52,"column":81}},"line":52},"5":{"name":"(anonymous_5)","decl":{"start":{"line":64,"column":30},"end":{"line":64,"column":31}},"loc":{"start":{"line":64,"column":54},"end":{"line":73,"column":1}},"line":64},"6":{"name":"(anonymous_6)","decl":{"start":{"line":67,"column":51},"end":{"line":67,"column":52}},"loc":{"start":{"line":67,"column":60},"end":{"line":67,"column":77}},"line":67},"7":{"name":"(anonymous_7)","decl":{"start":{"line":79,"column":21},"end":{"line":79,"column":22}},"loc":{"start":{"line":79,"column":38},"end":{"line":85,"column":1}},"line":79},"8":{"name":"(anonymous_8)","decl":{"start":{"line":87,"column":34},"end":{"line":87,"column":35}},"loc":{"start":{"line":87,"column":55},"end":{"line":92,"column":1}},"line":87}},"branchMap":{"0":{"loc":{"start":{"line":25,"column":11},"end":{"line":25,"column":59}},"type":"cond-expr","locations":[{"start":{"line":25,"column":31},"end":{"line":25,"column":52}},{"start":{"line":25,"column":55},"end":{"line":25,"column":59}}],"line":25}},"s":{"0":1,"1":0,"2":0,"3":0,"4":0,"5":1,"6":0,"7":0,"8":0,"9":0,"10":0,"11":1,"12":0,"13":0,"14":0,"15":0,"16":0,"17":1,"18":0,"19":0,"20":0,"21":0,"22":0,"23":0,"24":0,"25":1,"26":0,"27":0,"28":0,"29":0,"30":0,"31":0,"32":0,"33":1,"34":0,"35":0,"36":0,"37":1,"38":0,"39":0,"40":0,"41":0,"42":1},"f":{"0":0,"1":0,"2":0,"3":0,"4":0,"5":0,"6":0,"7":0,"8":0},"b":{"0":[0,0]},"_coverageSchema":"1a1c01bbd47fc00a2c39e90264f33305004495a9","hash":"607e248f2b2c91c47a50eb51a3d0c8d48907b82c"}
,"/Users/nicole.bianchin/Documents/Development/Projects/isus-app/src/services/autenticacao.js": {"path":"/Users/nicole.bianchin/Documents/Development/Projects/isus-app/src/services/autenticacao.js","statementMap":{"0":{"start":{"line":9,"column":2},"end":{"line":14,"column":3}},"1":{"start":{"line":10,"column":21},"end":{"line":10,"column":51}},"2":{"start":{"line":11,"column":4},"end":{"line":11,"column":25}},"3":{"start":{"line":13,"column":4},"end":{"line":13,"column":14}},"4":{"start":{"line":18,"column":2},"end":{"line":18,"column":47}},"5":{"start":{"line":22,"column":20},"end":{"line":22,"column":56}},"6":{"start":{"line":23,"column":2},"end":{"line":23,"column":19}},"7":{"start":{"line":27,"column":16},"end":{"line":27,"column":49}},"8":{"start":{"line":28,"column":2},"end":{"line":28,"column":15}},"9":{"start":{"line":32,"column":2},"end":{"line":32,"column":44}},"10":{"start":{"line":36,"column":2},"end":{"line":36,"column":38}},"11":{"start":{"line":40,"column":2},"end":{"line":51,"column":3}},"12":{"start":{"line":41,"column":18},"end":{"line":41,"column":54}},"13":{"start":{"line":42,"column":22},"end":{"line":42,"column":67}},"14":{"start":{"line":43,"column":4},"end":{"line":46,"column":5}},"15":{"start":{"line":44,"column":6},"end":{"line":44,"column":45}},"16":{"start":{"line":45,"column":6},"end":{"line":45,"column":24}},"17":{"start":{"line":47,"column":25},"end":{"line":47,"column":34}},"18":{"start":{"line":48,"column":4},"end":{"line":48,"column":50}},"19":{"start":{"line":50,"column":4},"end":{"line":50,"column":21}}},"fnMap":{"0":{"name":"autenticarComIdSaude","decl":{"start":{"line":8,"column":15},"end":{"line":8,"column":35}},"loc":{"start":{"line":8,"column":50},"end":{"line":15,"column":1}},"line":8},"1":{"name":"salvarDadosDeCadastro","decl":{"start":{"line":17,"column":15},"end":{"line":17,"column":36}},"loc":{"start":{"line":17,"column":44},"end":{"line":19,"column":1}},"line":17},"2":{"name":"pegarDadosDeCadastro","decl":{"start":{"line":21,"column":15},"end":{"line":21,"column":35}},"loc":{"start":{"line":21,"column":38},"end":{"line":24,"column":1}},"line":21},"3":{"name":"pegarTokenDoUsuarioNoStorage","decl":{"start":{"line":26,"column":15},"end":{"line":26,"column":43}},"loc":{"start":{"line":26,"column":46},"end":{"line":29,"column":1}},"line":26},"4":{"name":"salvarTokenDoUsuarioNoStorage","decl":{"start":{"line":31,"column":15},"end":{"line":31,"column":44}},"loc":{"start":{"line":31,"column":52},"end":{"line":33,"column":1}},"line":31},"5":{"name":"excluirTokenDoUsuarioNoStorage","decl":{"start":{"line":35,"column":15},"end":{"line":35,"column":45}},"loc":{"start":{"line":35,"column":48},"end":{"line":37,"column":1}},"line":35},"6":{"name":"atualizarTokenDeAcessoDoUsuario","decl":{"start":{"line":39,"column":15},"end":{"line":39,"column":46}},"loc":{"start":{"line":39,"column":49},"end":{"line":52,"column":1}},"line":39}},"branchMap":{"0":{"loc":{"start":{"line":43,"column":4},"end":{"line":46,"column":5}},"type":"if","locations":[{"start":{"line":43,"column":4},"end":{"line":46,"column":5}},{"start":{"line":43,"column":4},"end":{"line":46,"column":5}}],"line":43}},"s":{"0":0,"1":0,"2":0,"3":0,"4":0,"5":0,"6":0,"7":0,"8":0,"9":0,"10":0,"11":0,"12":0,"13":0,"14":0,"15":0,"16":0,"17":0,"18":0,"19":0},"f":{"0":0,"1":0,"2":0,"3":0,"4":0,"5":0,"6":0},"b":{"0":[0,0]},"_coverageSchema":"1a1c01bbd47fc00a2c39e90264f33305004495a9","hash":"d4eeab157927ebc7f216c4647f70106ef3f7572b"}
,"/Users/nicole.bianchin/Documents/Development/Projects/isus-app/src/services/request.js": {"path":"/Users/nicole.bianchin/Documents/Development/Projects/isus-app/src/services/request.js","statementMap":{"0":{"start":{"line":6,"column":16},"end":{"line":13,"column":2}},"1":{"start":{"line":15,"column":0},"end":{"line":21,"column":3}},"2":{"start":{"line":16,"column":16},"end":{"line":16,"column":52}},"3":{"start":{"line":17,"column":2},"end":{"line":19,"column":3}},"4":{"start":{"line":18,"column":4},"end":{"line":18,"column":63}},"5":{"start":{"line":20,"column":2},"end":{"line":20,"column":13}},"6":{"start":{"line":23,"column":0},"end":{"line":37,"column":3}},"7":{"start":{"line":23,"column":46},"end":{"line":23,"column":54}},"8":{"start":{"line":24,"column":17},"end":{"line":24,"column":62}},"9":{"start":{"line":26,"column":2},"end":{"line":35,"column":3}},"10":{"start":{"line":27,"column":4},"end":{"line":34,"column":5}},"11":{"start":{"line":28,"column":6},"end":{"line":28,"column":46}},"12":{"start":{"line":29,"column":20},"end":{"line":29,"column":56}},"13":{"start":{"line":30,"column":6},"end":{"line":30,"column":74}},"14":{"start":{"line":31,"column":6},"end":{"line":31,"column":41}},"15":{"start":{"line":33,"column":6},"end":{"line":33,"column":23}},"16":{"start":{"line":36,"column":2},"end":{"line":36,"column":31}}},"fnMap":{"0":{"name":"(anonymous_0)","decl":{"start":{"line":15,"column":33},"end":{"line":15,"column":34}},"loc":{"start":{"line":15,"column":48},"end":{"line":21,"column":1}},"line":15},"1":{"name":"(anonymous_1)","decl":{"start":{"line":23,"column":34},"end":{"line":23,"column":35}},"loc":{"start":{"line":23,"column":46},"end":{"line":23,"column":54}},"line":23},"2":{"name":"(anonymous_2)","decl":{"start":{"line":23,"column":56},"end":{"line":23,"column":57}},"loc":{"start":{"line":23,"column":73},"end":{"line":37,"column":1}},"line":23}},"branchMap":{"0":{"loc":{"start":{"line":17,"column":2},"end":{"line":19,"column":3}},"type":"if","locations":[{"start":{"line":17,"column":2},"end":{"line":19,"column":3}},{"start":{"line":17,"column":2},"end":{"line":19,"column":3}}],"line":17},"1":{"loc":{"start":{"line":24,"column":17},"end":{"line":24,"column":62}},"type":"cond-expr","locations":[{"start":{"line":24,"column":34},"end":{"line":24,"column":55}},{"start":{"line":24,"column":58},"end":{"line":24,"column":62}}],"line":24},"2":{"loc":{"start":{"line":26,"column":2},"end":{"line":35,"column":3}},"type":"if","locations":[{"start":{"line":26,"column":2},"end":{"line":35,"column":3}},{"start":{"line":26,"column":2},"end":{"line":35,"column":3}}],"line":26}},"s":{"0":1,"1":1,"2":0,"3":0,"4":0,"5":0,"6":1,"7":0,"8":0,"9":0,"10":0,"11":0,"12":0,"13":0,"14":0,"15":0,"16":0},"f":{"0":0,"1":0,"2":0},"b":{"0":[0,0],"1":[0,0],"2":[0,0]},"_coverageSchema":"1a1c01bbd47fc00a2c39e90264f33305004495a9","hash":"651ee7c609143d75710986e96827d8bf7e130d3f"}
,"/Users/nicole.bianchin/Documents/Development/Projects/isus-app/src/utils/mascaras.js": {"path":"/Users/nicole.bianchin/Documents/Development/Projects/isus-app/src/utils/mascaras.js","statementMap":{"0":{"start":{"line":1,"column":15},"end":{"line":21,"column":1}},"1":{"start":{"line":2,"column":23},"end":{"line":2,"column":61}},"2":{"start":{"line":3,"column":28},"end":{"line":3,"column":47}},"3":{"start":{"line":4,"column":28},"end":{"line":4,"column":29}},"4":{"start":{"line":5,"column":21},"end":{"line":5,"column":36}},"5":{"start":{"line":6,"column":19},"end":{"line":6,"column":21}},"6":{"start":{"line":7,"column":2},"end":{"line":19,"column":5}},"7":{"start":{"line":8,"column":4},"end":{"line":10,"column":5}},"8":{"start":{"line":9,"column":6},"end":{"line":9,"column":13}},"9":{"start":{"line":11,"column":4},"end":{"line":18,"column":5}},"10":{"start":{"line":12,"column":6},"end":{"line":15,"column":7}},"11":{"start":{"line":13,"column":8},"end":{"line":13,"column":54}},"12":{"start":{"line":14,"column":8},"end":{"line":14,"column":33}},"13":{"start":{"line":17,"column":6},"end":{"line":17,"column":24}},"14":{"start":{"line":20,"column":2},"end":{"line":20,"column":20}},"15":{"start":{"line":24,"column":2},"end":{"line":28,"column":3}},"16":{"start":{"line":25,"column":4},"end":{"line":25,"column":37}},"17":{"start":{"line":26,"column":4},"end":{"line":26,"column":32}},"18":{"start":{"line":27,"column":4},"end":{"line":27,"column":17}},"19":{"start":{"line":29,"column":2},"end":{"line":29,"column":12}},"20":{"start":{"line":33,"column":2},"end":{"line":33,"column":34}}},"fnMap":{"0":{"name":"(anonymous_0)","decl":{"start":{"line":1,"column":15},"end":{"line":1,"column":16}},"loc":{"start":{"line":1,"column":35},"end":{"line":21,"column":1}},"line":1},"1":{"name":"(anonymous_1)","decl":{"start":{"line":7,"column":28},"end":{"line":7,"column":29}},"loc":{"start":{"line":7,"column":37},"end":{"line":19,"column":3}},"line":7},"2":{"name":"aplicaMascaraNumerica","decl":{"start":{"line":23,"column":16},"end":{"line":23,"column":37}},"loc":{"start":{"line":23,"column":51},"end":{"line":30,"column":1}},"line":23},"3":{"name":"removeMascaraNumerica","decl":{"start":{"line":32,"column":16},"end":{"line":32,"column":37}},"loc":{"start":{"line":32,"column":45},"end":{"line":34,"column":1}},"line":32}},"branchMap":{"0":{"loc":{"start":{"line":8,"column":4},"end":{"line":10,"column":5}},"type":"if","locations":[{"start":{"line":8,"column":4},"end":{"line":10,"column":5}},{"start":{"line":8,"column":4},"end":{"line":10,"column":5}}],"line":8},"1":{"loc":{"start":{"line":8,"column":8},"end":{"line":8,"column":93}},"type":"binary-expr","locations":[{"start":{"line":8,"column":8},"end":{"line":8,"column":48}},{"start":{"line":8,"column":52},"end":{"line":8,"column":93}}],"line":8},"2":{"loc":{"start":{"line":11,"column":4},"end":{"line":18,"column":5}},"type":"if","locations":[{"start":{"line":11,"column":4},"end":{"line":18,"column":5}},{"start":{"line":11,"column":4},"end":{"line":18,"column":5}}],"line":11},"3":{"loc":{"start":{"line":12,"column":6},"end":{"line":15,"column":7}},"type":"if","locations":[{"start":{"line":12,"column":6},"end":{"line":15,"column":7}},{"start":{"line":12,"column":6},"end":{"line":15,"column":7}}],"line":12},"4":{"loc":{"start":{"line":24,"column":2},"end":{"line":28,"column":3}},"type":"if","locations":[{"start":{"line":24,"column":2},"end":{"line":28,"column":3}},{"start":{"line":24,"column":2},"end":{"line":28,"column":3}}],"line":24}},"s":{"0":2,"1":0,"2":0,"3":0,"4":0,"5":0,"6":0,"7":0,"8":0,"9":0,"10":0,"11":0,"12":0,"13":0,"14":0,"15":0,"16":0,"17":0,"18":0,"19":0,"20":0},"f":{"0":0,"1":0,"2":0,"3":0},"b":{"0":[0,0],"1":[0,0],"2":[0,0],"3":[0,0],"4":[0,0]},"_coverageSchema":"1a1c01bbd47fc00a2c39e90264f33305004495a9","hash":"4c0438d3e5d794b94c40eafdc52edbf30c6fac3c"}
,"/Users/nicole.bianchin/Documents/Development/Projects/isus-app/src/utils/objectUtils.js": {"path":"/Users/nicole.bianchin/Documents/Development/Projects/isus-app/src/utils/objectUtils.js","statementMap":{"0":{"start":{"line":1,"column":20},"end":{"line":3,"column":1}},"1":{"start":{"line":5,"column":29},"end":{"line":5,"column":66}}},"fnMap":{"0":{"name":"vazio","decl":{"start":{"line":5,"column":16},"end":{"line":5,"column":21}},"loc":{"start":{"line":5,"column":27},"end":{"line":5,"column":68}},"line":5}},"branchMap":{},"s":{"0":1,"1":5},"f":{"0":5},"b":{},"_coverageSchema":"1a1c01bbd47fc00a2c39e90264f33305004495a9","hash":"6542fa1220e29b80cb9bea5a6c8ef9928eafa398"}
,"/Users/nicole.bianchin/Documents/Development/Projects/isus-app/src/utils/platform.js": {"path":"/Users/nicole.bianchin/Documents/Development/Projects/isus-app/src/utils/platform.js","statementMap":{"0":{"start":{"line":5,"column":2},"end":{"line":5,"column":21}},"1":{"start":{"line":9,"column":2},"end":{"line":9,"column":29}}},"fnMap":{"0":{"name":"pegarSO","decl":{"start":{"line":4,"column":16},"end":{"line":4,"column":23}},"loc":{"start":{"line":4,"column":26},"end":{"line":6,"column":1}},"line":4},"1":{"name":"pegarVersao","decl":{"start":{"line":8,"column":16},"end":{"line":8,"column":27}},"loc":{"start":{"line":8,"column":30},"end":{"line":10,"column":1}},"line":8}},"branchMap":{},"s":{"0":0,"1":0},"f":{"0":0,"1":0},"b":{},"_coverageSchema":"1a1c01bbd47fc00a2c39e90264f33305004495a9","hash":"3fe91db123835e95ebd4a7fa2cfdd1ea20387e5e"}
,"/Users/nicole.bianchin/Documents/Development/Projects/isus-app/src/utils/util-teste.js": {"path":"/Users/nicole.bianchin/Documents/Development/Projects/isus-app/src/utils/util-teste.js","statementMap":{"0":{"start":{"line":8,"column":23},"end":{"line":16,"column":1}},"1":{"start":{"line":9,"column":2},"end":{"line":15,"column":19}},"2":{"start":{"line":18,"column":33},"end":{"line":19,"column":54}},"3":{"start":{"line":19,"column":2},"end":{"line":19,"column":53}}},"fnMap":{"0":{"name":"(anonymous_0)","decl":{"start":{"line":8,"column":23},"end":{"line":8,"column":24}},"loc":{"start":{"line":9,"column":2},"end":{"line":15,"column":19}},"line":9},"1":{"name":"(anonymous_1)","decl":{"start":{"line":18,"column":33},"end":{"line":18,"column":34}},"loc":{"start":{"line":19,"column":2},"end":{"line":19,"column":53}},"line":19}},"branchMap":{},"s":{"0":3,"1":1,"2":3,"3":1},"f":{"0":1,"1":1},"b":{},"_coverageSchema":"1a1c01bbd47fc00a2c39e90264f33305004495a9","hash":"2b05d5aa7c5d39779f55d3942d0f54b0ce37d065"}
}
