TN:
SF:src/featureAtivas.js
FNF:0
FNH:0
LF:0
LH:0
BRF:0
BRH:0
end_of_record
TN:
SF:src/apis/apiHome.js
FN:5,getCategoriasArquitetura
FN:9,getProjetosPorCategoria
FN:13,getBusca
FN:17,getProjectPorId
FN:21,pegarProjetosPorProfissional
FN:26,postFeedback
FN:46,postAlertaFaltaDeEpi
FN:52,postDemandaEducacao
FNF:8
FNH:3
FNDA:0,getCategoriasArquitetura
FNDA:0,getProjetosPorCategoria
FNDA:0,getBusca
FNDA:0,getProjectPorId
FNDA:0,pegarProjetosPorProfissional
FNDA:5,postFeedback
FNDA:2,postAlertaFaltaDeEpi
FNDA:2,postDemandaEducacao
DA:6,0
DA:10,0
DA:14,0
DA:18,0
DA:22,0
DA:23,0
DA:27,5
DA:28,2
DA:36,3
DA:47,2
DA:53,2
LF:11
LH:5
BRDA:27,0,0,2
BRDA:27,0,1,3
BRF:2
BRH:2
end_of_record
TN:
SF:src/apis/apiKeycloak.js
FN:4,autenticar
FN:8,pegarListaDeServicos
FN:13,pegarListaDeCategoriasProfissionais
FN:18,pegarListaDeEspecialidades
FN:26,pegarTokenDeAcesso
FN:34,logout
FN:39,excluir
FNF:7
FNH:0
FNDA:0,autenticar
FNDA:0,pegarListaDeServicos
FNDA:0,pegarListaDeCategoriasProfissionais
FNDA:0,pegarListaDeEspecialidades
FNDA:0,pegarTokenDeAcesso
FNDA:0,logout
FNDA:0,excluir
DA:5,0
DA:9,0
DA:10,0
DA:14,0
DA:15,0
DA:19,0
DA:20,0
DA:21,0
DA:23,0
DA:27,0
DA:30,0
DA:35,0
DA:36,0
DA:40,0
DA:41,0
LF:15
LH:0
BRDA:19,0,0,0
BRDA:19,0,1,0
BRF:2
BRH:0
end_of_record
TN:
SF:src/constantes/features.js
FNF:0
FNH:0
LF:0
LH:0
BRF:0
BRH:0
end_of_record
TN:
SF:src/constantes/rotas.js
FNF:0
FNH:0
LF:0
LH:0
BRF:0
BRH:0
end_of_record
TN:
SF:src/context/AutenticacaoContext.js
FN:5,(anonymous_0)
FNF:1
FNH:1
FNDA:1,(anonymous_0)
DA:3,3
DA:5,3
DA:7,1
DA:8,1
DA:9,1
DA:11,1
LF:6
LH:6
BRF:0
BRH:0
end_of_record
TN:
SF:src/context/CaixaDialogoContext.js
FN:5,CaixaDialogoProvider
FN:12,(anonymous_1)
FN:13,(anonymous_2)
FN:16,(anonymous_3)
FN:23,(anonymous_4)
FN:24,(anonymous_5)
FN:28,(anonymous_6)
FNF:7
FNH:3
FNDA:1,CaixaDialogoProvider
FNDA:1,(anonymous_1)
FNDA:1,(anonymous_2)
FNDA:0,(anonymous_3)
FNDA:0,(anonymous_4)
FNDA:0,(anonymous_5)
FNDA:0,(anonymous_6)
DA:3,3
DA:6,1
DA:7,1
DA:8,1
DA:9,1
DA:10,1
DA:11,1
DA:12,1
DA:13,1
DA:16,1
DA:17,0
DA:18,0
DA:19,0
DA:20,0
DA:21,0
DA:22,0
DA:23,0
DA:24,0
DA:25,0
DA:28,1
DA:29,0
DA:32,1
LF:22
LH:12
BRF:0
BRH:0
end_of_record
TN:
SF:src/pages/Perfil/DadosUsuario.js
FN:11,DadosUsuario
FN:36,Especialidades
FN:47,(anonymous_2)
FN:61,DadosUsuarioProfissional
FN:69,MostrarDadosUsuarioProfissional
FN:80,(anonymous_5)
FN:86,(anonymous_6)
FN:94,(anonymous_7)
FN:108,AdicionarDadosProfissionais
FN:116,(anonymous_9)
FN:129,(anonymous_10)
FN:146,(anonymous_11)
FN:151,(anonymous_12)
FNF:13
FNH:0
FNDA:0,DadosUsuario
FNDA:0,Especialidades
FNDA:0,(anonymous_2)
FNDA:0,DadosUsuarioProfissional
FNDA:0,MostrarDadosUsuarioProfissional
FNDA:0,(anonymous_5)
FNDA:0,(anonymous_6)
FNDA:0,(anonymous_7)
FNDA:0,AdicionarDadosProfissionais
FNDA:0,(anonymous_9)
FNDA:0,(anonymous_10)
FNDA:0,(anonymous_11)
FNDA:0,(anonymous_12)
DA:12,0
DA:37,0
DA:48,0
DA:62,0
DA:70,0
DA:80,0
DA:87,0
DA:95,0
DA:109,0
DA:117,0
DA:130,0
DA:146,2
DA:149,0
DA:150,0
DA:151,0
DA:157,2
LF:16
LH:2
BRDA:22,0,0,0
BRDA:22,0,1,0
BRDA:26,1,0,0
BRDA:26,1,1,0
BRDA:30,2,0,0
BRDA:30,2,1,0
BRDA:37,3,0,0
BRDA:37,3,1,0
BRDA:37,4,0,0
BRDA:37,4,1,0
BRDA:37,4,2,0
BRDA:44,5,0,0
BRDA:44,5,1,0
BRDA:44,6,0,0
BRDA:44,6,1,0
BRDA:44,6,2,0
BRDA:64,7,0,0
BRDA:64,7,1,0
BRDA:64,8,0,0
BRDA:64,8,1,0
BRDA:64,8,2,0
BRDA:75,9,0,0
BRDA:75,9,1,0
BRDA:75,10,0,0
BRDA:75,10,1,0
BRDA:85,11,0,0
BRDA:85,11,1,0
BRDA:85,12,0,0
BRDA:85,12,1,0
BRDA:147,13,0,0
BRF:30
BRH:0
end_of_record
TN:
SF:src/routes/rootNavigation.js
FN:6,navigate
FNF:1
FNH:0
FNDA:0,navigate
DA:4,1
DA:7,0
LF:2
LH:1
BRF:0
BRH:0
end_of_record
TN:
SF:src/services/armazenamento.js
FN:9,(anonymous_0)
FN:22,(anonymous_1)
FN:35,(anonymous_2)
FN:49,(anonymous_3)
FN:52,(anonymous_4)
FN:64,(anonymous_5)
FN:67,(anonymous_6)
FN:79,(anonymous_7)
FN:87,(anonymous_8)
FNF:9
FNH:0
FNDA:0,(anonymous_0)
FNDA:0,(anonymous_1)
FNDA:0,(anonymous_2)
FNDA:0,(anonymous_3)
FNDA:0,(anonymous_4)
FNDA:0,(anonymous_5)
FNDA:0,(anonymous_6)
FNDA:0,(anonymous_7)
FNDA:0,(anonymous_8)
DA:9,1
DA:10,0
DA:11,0
DA:12,0
DA:14,0
DA:22,1
DA:23,0
DA:24,0
DA:25,0
DA:27,0
DA:29,0
DA:35,1
DA:36,0
DA:37,0
DA:38,0
DA:40,0
DA:42,0
DA:49,1
DA:50,0
DA:51,0
DA:52,0
DA:53,0
DA:55,0
DA:57,0
DA:64,1
DA:65,0
DA:66,0
DA:67,0
DA:68,0
DA:70,0
DA:72,0
DA:79,1
DA:80,0
DA:81,0
DA:83,0
DA:87,1
DA:88,0
DA:89,0
DA:90,0
DA:91,0
DA:95,1
LF:41
LH:8
BRDA:25,0,0,0
BRDA:25,0,1,0
BRF:2
BRH:0
end_of_record
TN:
SF:src/services/autenticacao.js
FN:8,autenticarComIdSaude
FN:17,salvarDadosDeCadastro
FN:21,pegarDadosDeCadastro
FN:26,pegarTokenDoUsuarioNoStorage
FN:31,salvarTokenDoUsuarioNoStorage
FN:35,excluirTokenDoUsuarioNoStorage
FN:39,atualizarTokenDeAcessoDoUsuario
FNF:7
FNH:0
FNDA:0,autenticarComIdSaude
FNDA:0,salvarDadosDeCadastro
FNDA:0,pegarDadosDeCadastro
FNDA:0,pegarTokenDoUsuarioNoStorage
FNDA:0,salvarTokenDoUsuarioNoStorage
FNDA:0,excluirTokenDoUsuarioNoStorage
FNDA:0,atualizarTokenDeAcessoDoUsuario
DA:9,0
DA:10,0
DA:11,0
DA:13,0
DA:18,0
DA:22,0
DA:23,0
DA:27,0
DA:28,0
DA:32,0
DA:36,0
DA:40,0
DA:41,0
DA:42,0
DA:43,0
DA:44,0
DA:45,0
DA:47,0
DA:48,0
DA:50,0
LF:20
LH:0
BRDA:43,0,0,0
BRDA:43,0,1,0
BRF:2
BRH:0
end_of_record
TN:
SF:src/services/request.js
FN:15,(anonymous_0)
FN:23,(anonymous_1)
FN:23,(anonymous_2)
FNF:3
FNH:0
FNDA:0,(anonymous_0)
FNDA:0,(anonymous_1)
FNDA:0,(anonymous_2)
DA:6,1
DA:15,1
DA:16,0
DA:17,0
DA:18,0
DA:20,0
DA:23,1
DA:24,0
DA:26,0
DA:27,0
DA:28,0
DA:29,0
DA:30,0
DA:31,0
DA:33,0
DA:36,0
LF:16
LH:3
BRDA:17,0,0,0
BRDA:17,0,1,0
BRDA:24,1,0,0
BRDA:24,1,1,0
BRDA:26,2,0,0
BRDA:26,2,1,0
BRF:6
BRH:0
end_of_record
TN:
SF:src/utils/mascaras.js
FN:1,(anonymous_0)
FN:7,(anonymous_1)
FN:23,aplicaMascaraNumerica
FN:32,removeMascaraNumerica
FNF:4
FNH:0
FNDA:0,(anonymous_0)
FNDA:0,(anonymous_1)
FNDA:0,aplicaMascaraNumerica
FNDA:0,removeMascaraNumerica
DA:1,2
DA:2,0
DA:3,0
DA:4,0
DA:5,0
DA:6,0
DA:7,0
DA:8,0
DA:9,0
DA:11,0
DA:12,0
DA:13,0
DA:14,0
DA:17,0
DA:20,0
DA:24,0
DA:25,0
DA:26,0
DA:27,0
DA:29,0
DA:33,0
LF:21
LH:1
BRDA:8,0,0,0
BRDA:8,0,1,0
BRDA:8,1,0,0
BRDA:8,1,1,0
BRDA:11,2,0,0
BRDA:11,2,1,0
BRDA:12,3,0,0
BRDA:12,3,1,0
BRDA:24,4,0,0
BRDA:24,4,1,0
BRF:10
BRH:0
end_of_record
TN:
SF:src/utils/objectUtils.js
FN:5,vazio
FNF:1
FNH:1
FNDA:5,vazio
DA:1,1
DA:5,5
LF:2
LH:2
BRF:0
BRH:0
end_of_record
TN:
SF:src/utils/platform.js
FN:4,pegarSO
FN:8,pegarVersao
FNF:2
FNH:0
FNDA:0,pegarSO
FNDA:0,pegarVersao
DA:5,0
DA:9,0
LF:2
LH:0
BRF:0
BRH:0
end_of_record
TN:
SF:src/utils/util-teste.js
FN:8,(anonymous_0)
FN:18,(anonymous_1)
FNF:2
FNH:2
FNDA:1,(anonymous_0)
FNDA:1,(anonymous_1)
DA:8,3
DA:9,1
DA:18,3
DA:19,1
LF:4
LH:4
BRF:0
BRH:0
end_of_record
